<?xml version="1.0" encoding="UTF-8"?>
<testsuites name="TS 1" time="22.609" tests="5" failures="0" errors="0">
   <testsuite name="TS 1" tests="5" failures="0" errors="0" time="22.609" skipped="0" timestamp="21-02-2024T23:47:20" hostname="izarl - LAPTOP-CH13CVCM" id="Test Suites/TS 1">
      <properties>
         <property name="deviceName" value=""/>
         <property name="devicePlatform" value=""/>
         <property name="logFolder" value="D:\\New folder\\Practical Exercise 5\\Reports\\20240221_234707\\TS 1\\20240221_234707"/>
         <property name="logFiles" value="D:\\New folder\\Practical Exercise 5\\Reports\\20240221_234707\\TS 1\\20240221_234707\\execution0.log"/>
         <property name="attachments" value=""/>
         <property name="hostName" value="izarl - LAPTOP-CH13CVCM"/>
         <property name="os" value="Windows 11 64bit"/>
         <property name="katalonVersion" value="9.3.0.212"/>
         <property name="browser" value="Chrome 122.0.0.0"/>
         <property name="hostAddress" value="192.168.18.186"/>
         <property name="sessionId" value="1f3a33116b149a72399699470300e5d0"/>
         <property name="seleniumVersion" value="3.141.59"/>
         <property name="proxyInformation" value="ProxyInformation { proxyOption=NO_PROXY, proxyServerType=HTTP, username=, password=********, proxyServerAddress=, proxyServerPort=0, executionList=&quot;&quot;, isApplyToDesiredCapabilities=true }"/>
         <property name="platform" value="Windows 11"/>
      </properties>
      <testcase name="Test Cases/TC1 Appointment" time="10.481" classname="Test Cases/TC1 Appointment" status="PASSED">
         <system-out><![CDATA[21-02-2024T23:47:20 - [TEST_CASE][PASSED] - Test Cases/TC1 Appointment: Test Cases/TC1 Appointment

21-02-2024T23:47:20 - [TEST_STEP][PASSED] - openBrowser(""): Browser is opened with url: ''

21-02-2024T23:47:21 - [MESSAGE][INFO] - Starting 'Chrome' driver

21-02-2024T23:47:21 - [MESSAGE][INFO] - Action delay is set to 0 milliseconds

21-02-2024T23:47:23 - [MESSAGE][PASSED] - Browser is opened with url: ''

21-02-2024T23:47:23 - [TEST_STEP][PASSED] - navigateToUrl("https://katalon-demo-cura.herokuapp.com/"): Navigate to 'https://katalon-demo-cura.herokuapp.com/' successfully

21-02-2024T23:47:28 - [MESSAGE][PASSED] - Navigate to 'https://katalon-demo-cura.herokuapp.com/' successfully

21-02-2024T23:47:28 - [TEST_STEP][PASSED] - click(findTestObject("Object Repository/Appointment/Page_CURA Healthcare Service/a_Make Appointment")): Object: 'Object Repository/Appointment/Page_CURA Healthcare Service/a_Make Appointment' is clicked on

21-02-2024T23:47:30 - [MESSAGE][PASSED] - Object: 'Object Repository/Appointment/Page_CURA Healthcare Service/a_Make Appointment' is clicked on]]></system-out>
         <system-err><![CDATA[]]></system-err>
      </testcase>
      <testcase name="Test Cases/TC2 Login - Keyword" time="2.198" classname="Test Cases/TC2 Login - Keyword" status="PASSED">
         <system-out><![CDATA[21-02-2024T23:47:30 - [TEST_CASE][PASSED] - Test Cases/TC2 Login - Keyword: Test Cases/TC2 Login - Keyword

21-02-2024T23:47:30 - [TEST_STEP][PASSED] - setText(findTestObject("Object Repository/Appointment/Page_CURA Healthcare Service/input_Username_username"), "John Doe"): Text 'John Doe' is set on object 'Object Repository/Appointment/Page_CURA Healthcare Service/input_Username_username'

21-02-2024T23:47:31 - [MESSAGE][PASSED] - Text 'John Doe' is set on object 'Object Repository/Appointment/Page_CURA Healthcare Service/input_Username_username'

21-02-2024T23:47:31 - [TEST_STEP][PASSED] - setText(findTestObject("Object Repository/Appointment/Page_CURA Healthcare Service/input_Password_password"), "ThisIsNotAPassword"): Text 'ThisIsNotAPassword' is set on object 'Object Repository/Appointment/Page_CURA Healthcare Service/input_Password_password'

21-02-2024T23:47:33 - [MESSAGE][PASSED] - Text 'ThisIsNotAPassword' is set on object 'Object Repository/Appointment/Page_CURA Healthcare Service/input_Password_password']]></system-out>
         <system-err><![CDATA[]]></system-err>
      </testcase>
      <testcase name="Test Cases/TC3 Login" time="1.692" classname="Test Cases/TC3 Login" status="PASSED">
         <system-out><![CDATA[21-02-2024T23:47:33 - [TEST_CASE][PASSED] - Test Cases/TC3 Login: Test Cases/TC3 Login

21-02-2024T23:47:33 - [TEST_STEP][PASSED] - click(findTestObject("Object Repository/Appointment/Page_CURA Healthcare Service/button_Login")): Object: 'Object Repository/Appointment/Page_CURA Healthcare Service/button_Login' is clicked on

21-02-2024T23:47:34 - [MESSAGE][PASSED] - Object: 'Object Repository/Appointment/Page_CURA Healthcare Service/button_Login' is clicked on]]></system-out>
         <system-err><![CDATA[]]></system-err>
      </testcase>
      <testcase name="Test Cases/TC4 Make Appointment - Keyword" time="5.683" classname="Test Cases/TC4 Make Appointment - Keyword" status="PASSED">
         <system-out><![CDATA[21-02-2024T23:47:34 - [TEST_CASE][PASSED] - Test Cases/TC4 Make Appointment - Keyword: Test Cases/TC4 Make Appointment - Keyword

21-02-2024T23:47:34 - [TEST_STEP][PASSED] - selectAllOption(findTestObject("Object Repository/Appointment/Page_CURA Healthcare Service/select_Tokyo CURA Healthcare Center                            Hongkong CURA Healthcare Center                            Seoul CURA Healthcare Center"), STOP_ON_FAILURE): All options are selected on object 'Object Repository/Appointment/Page_CURA Healthcare Service/select_Tokyo CURA Healthcare Center                            Hongkong CURA Healthcare Center                            Seoul CURA Healthcare Center'

21-02-2024T23:47:37 - [MESSAGE][PASSED] - All options are selected on object 'Object Repository/Appointment/Page_CURA Healthcare Service/select_Tokyo CURA Healthcare Center                            Hongkong CURA Healthcare Center                            Seoul CURA Healthcare Center'

21-02-2024T23:47:37 - [TEST_STEP][PASSED] - check(findTestObject("Object Repository/Appointment/Page_CURA Healthcare Service/label_Apply for hospital readmission")): Object 'Object Repository/Appointment/Page_CURA Healthcare Service/label_Apply for hospital readmission' is checked

21-02-2024T23:47:38 - [MESSAGE][PASSED] - Object 'Object Repository/Appointment/Page_CURA Healthcare Service/label_Apply for hospital readmission' is checked

21-02-2024T23:47:38 - [TEST_STEP][PASSED] - check(findTestObject("Object Repository/Appointment/Page_CURA Healthcare Service/label_Medicaid")): Object 'Object Repository/Appointment/Page_CURA Healthcare Service/label_Medicaid' is checked

21-02-2024T23:47:38 - [MESSAGE][PASSED] - Object 'Object Repository/Appointment/Page_CURA Healthcare Service/label_Medicaid' is checked

21-02-2024T23:47:38 - [TEST_STEP][PASSED] - setText(findTestObject("Object Repository/Appointment/Page_CURA Healthcare Service/input_Visit Date (Required)_visit_date"), "22-02-2024"): Text '22-02-2024' is set on object 'Object Repository/Appointment/Page_CURA Healthcare Service/input_Visit Date (Required)_visit_date'

21-02-2024T23:47:39 - [MESSAGE][PASSED] - Text '22-02-2024' is set on object 'Object Repository/Appointment/Page_CURA Healthcare Service/input_Visit Date (Required)_visit_date'

21-02-2024T23:47:39 - [TEST_STEP][PASSED] - setText(findTestObject("Object Repository/Appointment/Page_CURA Healthcare Service/textarea_Comment_comment"), "Hallo"): Text 'Hallo' is set on object 'Object Repository/Appointment/Page_CURA Healthcare Service/textarea_Comment_comment'

21-02-2024T23:47:40 - [MESSAGE][PASSED] - Text 'Hallo' is set on object 'Object Repository/Appointment/Page_CURA Healthcare Service/textarea_Comment_comment']]></system-out>
         <system-err><![CDATA[]]></system-err>
      </testcase>
      <testcase name="Test Cases/TC5 Book Appointment" time="2.216" classname="Test Cases/TC5 Book Appointment" status="PASSED">
         <system-out><![CDATA[21-02-2024T23:47:40 - [TEST_CASE][PASSED] - Test Cases/TC5 Book Appointment: Test Cases/TC5 Book Appointment

21-02-2024T23:47:40 - [TEST_STEP][PASSED] - click(findTestObject("Object Repository/Appointment/Page_CURA Healthcare Service/button_Book Appointment")): Object: 'Object Repository/Appointment/Page_CURA Healthcare Service/button_Book Appointment' is clicked on

21-02-2024T23:47:42 - [MESSAGE][PASSED] - Object: 'Object Repository/Appointment/Page_CURA Healthcare Service/button_Book Appointment' is clicked on]]></system-out>
         <system-err><![CDATA[]]></system-err>
      </testcase>
      <system-out><![CDATA[21-02-2024T23:47:20 - [TEST_SUITE][PASSED] - TS 1: Test Cases/TC5 Book Appointment]]></system-out>
      <system-err><![CDATA[]]></system-err>
   </testsuite>
</testsuites>
