<?xml version="1.0" encoding="UTF-8"?>
<testsuites name="TS 1" time="25.403" tests="3" failures="0" errors="0">
   <testsuite name="TS 1" tests="3" failures="0" errors="0" time="25.403" skipped="0" timestamp="21-02-2024T21:37:35" hostname="izarl - LAPTOP-CH13CVCM" id="Test Suites/TS 1">
      <properties>
         <property name="deviceName" value=""/>
         <property name="devicePlatform" value=""/>
         <property name="logFolder" value="D:\\New folder\\Practical Exercise 5\\Reports\\20240221_213719\\TS 1\\20240221_213719"/>
         <property name="logFiles" value="D:\\New folder\\Practical Exercise 5\\Reports\\20240221_213719\\TS 1\\20240221_213719\\execution0.log"/>
         <property name="attachments" value=""/>
         <property name="hostName" value="izarl - LAPTOP-CH13CVCM"/>
         <property name="os" value="Windows 11 64bit"/>
         <property name="katalonVersion" value="9.3.0.212"/>
         <property name="browser" value="Chrome 122.0.0.0"/>
         <property name="hostAddress" value="192.168.0.11"/>
         <property name="sessionId" value="3d62f72cdc2605686c998f38848002fa"/>
         <property name="seleniumVersion" value="3.141.59"/>
         <property name="proxyInformation" value="ProxyInformation { proxyOption=NO_PROXY, proxyServerType=HTTP, username=, password=********, proxyServerAddress=, proxyServerPort=0, executionList=&quot;&quot;, isApplyToDesiredCapabilities=true }"/>
         <property name="platform" value="Windows 11"/>
      </properties>
      <testcase name="Test Cases/TC1 Appointment" time="18.421" classname="Test Cases/TC1 Appointment" status="PASSED">
         <system-out><![CDATA[21-02-2024T21:37:36 - [TEST_CASE][PASSED] - Test Cases/TC1 Appointment: Test Cases/TC1 Appointment

21-02-2024T21:37:37 - [TEST_STEP][PASSED] - openBrowser(""): Browser is opened with url: ''

21-02-2024T21:37:38 - [MESSAGE][INFO] - Starting 'Chrome' driver

21-02-2024T21:37:38 - [MESSAGE][INFO] - Action delay is set to 0 milliseconds

21-02-2024T21:37:41 - [MESSAGE][PASSED] - Browser is opened with url: ''

21-02-2024T21:37:41 - [TEST_STEP][PASSED] - navigateToUrl("https://katalon-demo-cura.herokuapp.com/"): Navigate to 'https://katalon-demo-cura.herokuapp.com/' successfully

21-02-2024T21:37:53 - [MESSAGE][PASSED] - Navigate to 'https://katalon-demo-cura.herokuapp.com/' successfully

21-02-2024T21:37:53 - [TEST_STEP][PASSED] - click(findTestObject("Object Repository/Appointment/Page_CURA Healthcare Service/a_Make Appointment")): Object: 'Object Repository/Appointment/Page_CURA Healthcare Service/a_Make Appointment' is clicked on

21-02-2024T21:37:54 - [MESSAGE][PASSED] - Object: 'Object Repository/Appointment/Page_CURA Healthcare Service/a_Make Appointment' is clicked on]]></system-out>
         <system-err><![CDATA[]]></system-err>
      </testcase>
      <testcase name="Test Cases/TC2 Login - Keyword" time="4.496" classname="Test Cases/TC2 Login - Keyword" status="PASSED">
         <system-out><![CDATA[21-02-2024T21:37:54 - [TEST_CASE][PASSED] - Test Cases/TC2 Login - Keyword: Test Cases/TC2 Login - Keyword

21-02-2024T21:37:55 - [TEST_STEP][PASSED] - setText(findTestObject("Object Repository/Appointment/Page_CURA Healthcare Service/input_Username_username"), "John Doe"): Text 'John Doe' is set on object 'Object Repository/Appointment/Page_CURA Healthcare Service/input_Username_username'

21-02-2024T21:37:57 - [MESSAGE][PASSED] - Text 'John Doe' is set on object 'Object Repository/Appointment/Page_CURA Healthcare Service/input_Username_username'

21-02-2024T21:37:57 - [TEST_STEP][PASSED] - setText(findTestObject("Object Repository/Appointment/Page_CURA Healthcare Service/input_Password_password"), "ThisIsNotAPassword"): Text 'ThisIsNotAPassword' is set on object 'Object Repository/Appointment/Page_CURA Healthcare Service/input_Password_password'

21-02-2024T21:37:59 - [MESSAGE][PASSED] - Text 'ThisIsNotAPassword' is set on object 'Object Repository/Appointment/Page_CURA Healthcare Service/input_Password_password']]></system-out>
         <system-err><![CDATA[]]></system-err>
      </testcase>
      <testcase name="Test Cases/TC3 Login" time="1.921" classname="Test Cases/TC3 Login" status="PASSED">
         <system-out><![CDATA[21-02-2024T21:37:59 - [TEST_CASE][PASSED] - Test Cases/TC3 Login: Test Cases/TC3 Login

21-02-2024T21:37:59 - [TEST_STEP][PASSED] - click(findTestObject("Object Repository/Appointment/Page_CURA Healthcare Service/button_Login")): Object: 'Object Repository/Appointment/Page_CURA Healthcare Service/button_Login' is clicked on

21-02-2024T21:38:01 - [MESSAGE][PASSED] - Object: 'Object Repository/Appointment/Page_CURA Healthcare Service/button_Login' is clicked on]]></system-out>
         <system-err><![CDATA[]]></system-err>
      </testcase>
      <system-out><![CDATA[21-02-2024T21:37:35 - [TEST_SUITE][PASSED] - TS 1: Test Cases/TC3 Login]]></system-out>
      <system-err><![CDATA[]]></system-err>
   </testsuite>
</testsuites>
